<?xml version="1.0" encoding="UTF-8" standalone="no"?>
<testsuite errors="0" failures="0" name="io.cucumber.core.plugin.JUnitFormatter" skipped="0" tests="2" time="36.233">
<testcase classname="Irish Life Application QA Task" name="HomePage Contact link" time="18.641">
<system-out><![CDATA[Given user is on the Irish Life website homepage............................passed
When user clicks on the "Contact" link in the top navigation................passed
Then a new page loads which contains a contact form.........................passed
]]></system-out>
</testcase>
<testcase classname="Irish Life Application QA Task" name="Find out more link" time="17.039">
<system-out><![CDATA[Given user is on the Irish Life website homepage............................passed
When user clicks on the "Find out more" link................................passed
Then user should see a form which contains the text "I want to cover".......passed
]]></system-out>
</testcase>
</testsuite>
